<?xml version="1.0" encoding="UTF-8"?>
<testng-results ignored="0" total="5" passed="5" failed="0" skipped="0">
  <reporter-output>
  </reporter-output>
  <suite started-at="2021-09-27T04:57:15Z" name="Default suite" finished-at="2021-09-27T04:57:18Z" duration-ms="2330">
    <groups>
    </groups>
    <test started-at="2021-09-27T04:57:15Z" name="Default test" finished-at="2021-09-27T04:57:18Z" duration-ms="2330">
      <class name="JiraRestAPIs.Demo">
        <test-method signature="authenticateJira()[pri:0, instance:JiraRestAPIs.Demo@332729ad]" started-at="2021-09-27T04:57:15Z" name="authenticateJira" finished-at="2021-09-27T04:57:17Z" duration-ms="1736" status="PASS">
          <reporter-output>
          </reporter-output>
        </test-method> <!-- authenticateJira -->
        <test-method signature="createIssueInJira()[pri:0, instance:JiraRestAPIs.Demo@332729ad]" started-at="2021-09-27T04:57:17Z" name="createIssueInJira" finished-at="2021-09-27T04:57:17Z" depends-on-methods="JiraRestAPIs.Demo.authenticateJira" duration-ms="217" status="PASS">
          <reporter-output>
          </reporter-output>
        </test-method> <!-- createIssueInJira -->
        <test-method signature="addAttachements()[pri:0, instance:JiraRestAPIs.Demo@332729ad]" started-at="2021-09-27T04:57:17Z" name="addAttachements" finished-at="2021-09-27T04:57:18Z" depends-on-methods="JiraRestAPIs.Demo.createIssueInJira" duration-ms="196" status="PASS">
          <reporter-output>
          </reporter-output>
        </test-method> <!-- addAttachements -->
        <test-method signature="addComment()[pri:0, instance:JiraRestAPIs.Demo@332729ad]" started-at="2021-09-27T04:57:18Z" name="addComment" finished-at="2021-09-27T04:57:18Z" depends-on-methods="JiraRestAPIs.Demo.createIssueInJira" duration-ms="112" status="PASS">
          <reporter-output>
          </reporter-output>
        </test-method> <!-- addComment -->
        <test-method signature="getIssue()[pri:0, instance:JiraRestAPIs.Demo@332729ad]" started-at="2021-09-27T04:57:18Z" name="getIssue" finished-at="2021-09-27T04:57:18Z" depends-on-methods="JiraRestAPIs.Demo.addAttachements" duration-ms="42" status="PASS">
          <reporter-output>
          </reporter-output>
        </test-method> <!-- getIssue -->
      </class> <!-- JiraRestAPIs.Demo -->
    </test> <!-- Default test -->
  </suite> <!-- Default suite -->
</testng-results>
